2022-01-06 02:23:05,058     手机：15596262527 tabe 创建 时间:01/06/2022 02:23:05
2022-01-06 02:23:05,064 15596262527安全验证
2022-01-06 02:23:05,190 15596262527滑块安全验证
2022-01-06 02:23:05,215 
2022-01-06 02:23:05,253 15596262527获取到坐标 X123
2022-01-06 02:23:05,282 停顿13
2022-01-06 02:23:05,498 停顿1:770
2022-01-06 02:23:06,465 停顿2:558
2022-01-06 02:23:10,035 验证成功
2022-01-06 02:28:05,064     手机：15596262527 tabe 自动回收 时间:01/06/2022 02:28:05
2022-01-06 14:04:13,191     手机：17858526845 tabe 创建 时间:01/06/2022 14:04:13
2022-01-06 14:04:13,191 17858526845安全验证
2022-01-06 14:04:13,392 17858526845滑块安全验证
2022-01-06 14:04:13,406 
2022-01-06 14:04:13,409 17858526845获取到坐标 X89
2022-01-06 14:04:13,449 停顿11
2022-01-06 14:04:13,633 停顿1:913
2022-01-06 14:04:14,699 停顿2:625
2022-01-06 14:04:18,337 验证成功
2022-01-06 14:04:32,123 输入验证码953247
2022-01-06 14:04:35,174 17858526845获取到ck
2022-01-06 14:09:13,191     手机：17858526845 tabe 自动回收 时间:01/06/2022 14:09:13
2022-01-06 18:15:17,320                  ,--.                     ,---._                           
2022-01-06 18:15:17,327                ,--.'|                   .-- -.' \     ,---,      ,----..   
2022-01-06 18:15:17,327            ,--,:  : |       ,---.       |    |   :  .'  .' `\   /   /   \  
2022-01-06 18:15:17,327         ,`--.'`|  ' :      /__./|       :    ;   |,---.'     \ |   :     : 
2022-01-06 18:15:17,327         |   :  :  | | ,---.;  ; |       :        ||   |  .`\  |.   |  ;. / 
2022-01-06 18:15:17,327         :   |   \ | :/___/ \  | |       |    :   ::   : |  '  |.   ; /--`  
2022-01-06 18:15:17,327         |   : '  '; |\   ;  \ ' |       :         |   ' '  ;  :;   | ;     
2022-01-06 18:15:17,327         '   ' ;.    ; \   \  \: |       |    ;   |'   | ;  .  ||   : |     
2022-01-06 18:15:17,327         |   | | \   |  ;   \  ' .   ___ l         |   | :  |  '.   | '___  
2022-01-06 18:15:17,327         '   : |  ; .'   \   \   ' /    /\    J   :'   : | /  ; '   ; : .'| 
2022-01-06 18:15:17,327         |   | '`--'      \   `  ;/  ../  `..-    ,|   | '` ,/  '   | '/  : 
2022-01-06 18:15:17,327         '   : |           :   \ |\    \         ; ;   :  .'    |   :    /  
2022-01-06 18:15:17,327         ;   |.'            '---'' \    \       ,' |   ,.'      \   \ .'   
2022-01-06 18:15:17,327         '---'                      '-- - ....--'  '-- '         `---`     
2022-01-06 18:15:17,327 
2022-01-06 18:15:17,327 
2022-01-06 18:15:17,327                                                                      Version:2.3
2022-01-06 18:15:17,327 
2022-01-06 18:15:17,327 
2022-01-06 18:15:17,327                                                                      By Nolan  
2022-01-06 18:15:17,327 
2022-01-06 18:15:17,327 -------------------------------------------------------------------------------------
2022-01-06 18:15:17,327 
2022-01-06 18:15:17,360 序列号:DAFFA873-5099-401D-90B7-92FBB8BF93D3

2022-01-06 18:15:17,360 Running on Linux!
2022-01-06 18:15:17,360 系统架构：X64
2022-01-06 18:15:17,360 系统名称：Linux 3.10.0-1160.11.1.el7.x86_64 #1 SMP Fri Dec 18 16:34:56 UTC 2020
2022-01-06 18:15:17,360 进程架构：X64
2022-01-06 18:15:17,360 是否64位操作系统：True
2022-01-06 18:15:17,360 -------------------------------------------------------------------------------------
2022-01-06 18:15:17,360 初始化项目
2022-01-06 18:15:17,360 -------------------------------------------------------------------------------------
2022-01-06 18:15:17,360 第一次运行会下载Chromium,后续只是检查是否下载
2022-01-06 18:15:17,360 检查中....
2022-01-06 18:15:17,379 True
2022-01-06 18:15:17,381 程序配置自检 
2022-01-06 18:15:17,381 如果报错请检查配置或者检查配置是否挂载
2022-01-06 18:15:17,386 上传模式：none
2022-01-06 18:15:17,386 回收时间：5分钟
2022-01-06 18:15:17,386 自动滑块：2
2022-01-06 18:15:17,386 
2022-01-06 18:15:17,386 
2022-01-06 18:15:17,386 浏览器自检
2022-01-06 18:15:17,386 -------------------------------------------------------------------------------------
2022-01-06 18:15:22,946 页面文字京东登录注册+86获取验证码登 录账号密码登录手机快速注册其他登录方式QQ 微信 若您输入的手机号未注册，将为您直接注册，注册即视为同意 京东用户注册协议 、 用户隐私政策
2022-01-06 18:15:22,946 关闭页面
2022-01-06 18:15:23,012 浏览器关闭
2022-01-06 18:15:23,012 浏览器自检成功
2022-01-06 18:15:23,012 浏览器打开时间：5.625
2022-01-06 18:15:23,012 -------------------------------------------------------------------------------------
2022-01-06 18:15:23,012 检查成功
2022-01-06 18:15:23,034 NETJDC started
2022-01-06 18:15:40,123     手机：15596262527 tabe 创建 时间:01/06/2022 18:15:40
2022-01-06 18:15:40,123 15596262527安全验证
2022-01-06 18:15:40,262 15596262527滑块安全验证
2022-01-06 18:15:40,322 
2022-01-06 18:15:40,595 15596262527获取到坐标 X154
2022-01-06 18:15:40,650 停顿6
2022-01-06 18:15:40,752 停顿1:611
2022-01-06 18:15:41,448 停顿2:563
2022-01-06 18:15:45,026 验证成功
2022-01-06 18:20:40,126     手机：15596262527 tabe 自动回收 时间:01/06/2022 18:20:40
