2022-01-02 23:20:18,586                  ,--.                     ,---._                           
2022-01-02 23:20:18,590                ,--.'|                   .-- -.' \     ,---,      ,----..   
2022-01-02 23:20:18,590            ,--,:  : |       ,---.       |    |   :  .'  .' `\   /   /   \  
2022-01-02 23:20:18,590         ,`--.'`|  ' :      /__./|       :    ;   |,---.'     \ |   :     : 
2022-01-02 23:20:18,590         |   :  :  | | ,---.;  ; |       :        ||   |  .`\  |.   |  ;. / 
2022-01-02 23:20:18,590         :   |   \ | :/___/ \  | |       |    :   ::   : |  '  |.   ; /--`  
2022-01-02 23:20:18,590         |   : '  '; |\   ;  \ ' |       :         |   ' '  ;  :;   | ;     
2022-01-02 23:20:18,591         '   ' ;.    ; \   \  \: |       |    ;   |'   | ;  .  ||   : |     
2022-01-02 23:20:18,591         |   | | \   |  ;   \  ' .   ___ l         |   | :  |  '.   | '___  
2022-01-02 23:20:18,591         '   : |  ; .'   \   \   ' /    /\    J   :'   : | /  ; '   ; : .'| 
2022-01-02 23:20:18,591         |   | '`--'      \   `  ;/  ../  `..-    ,|   | '` ,/  '   | '/  : 
2022-01-02 23:20:18,591         '   : |           :   \ |\    \         ; ;   :  .'    |   :    /  
2022-01-02 23:20:18,591         ;   |.'            '---'' \    \       ,' |   ,.'      \   \ .'   
2022-01-02 23:20:18,591         '---'                      '-- - ....--'  '-- '         `---`     
2022-01-02 23:20:18,591 
2022-01-02 23:20:18,591 
2022-01-02 23:20:18,591                                                                      Version:2.3
2022-01-02 23:20:18,591 
2022-01-02 23:20:18,591 
2022-01-02 23:20:18,591                                                                      By Nolan  
2022-01-02 23:20:18,591 
2022-01-02 23:20:18,591 -------------------------------------------------------------------------------------
2022-01-02 23:20:18,591 
2022-01-02 23:20:18,596 序列号:DAFFA873-5099-401D-90B7-92FBB8BF93D3

2022-01-02 23:20:18,596 Running on Linux!
2022-01-02 23:20:18,596 系统架构：X64
2022-01-02 23:20:18,596 系统名称：Linux 3.10.0-1160.11.1.el7.x86_64 #1 SMP Fri Dec 18 16:34:56 UTC 2020
2022-01-02 23:20:18,596 进程架构：X64
2022-01-02 23:20:18,596 是否64位操作系统：True
2022-01-02 23:20:18,596 -------------------------------------------------------------------------------------
2022-01-02 23:20:18,596 初始化项目
2022-01-02 23:20:18,596 -------------------------------------------------------------------------------------
2022-01-02 23:20:18,597 第一次运行会下载Chromium,后续只是检查是否下载
2022-01-02 23:20:18,597 检查中....
2022-01-02 23:20:18,610 True
2022-01-02 23:20:18,611 程序配置自检 
2022-01-02 23:20:18,611 如果报错请检查配置或者检查配置是否挂载
2022-01-02 23:20:18,613 上传模式：none
2022-01-02 23:20:18,613 回收时间：5分钟
2022-01-02 23:20:18,613 自动滑块：2
2022-01-02 23:20:18,613 
2022-01-02 23:20:18,613 
2022-01-02 23:20:18,613 浏览器自检
2022-01-02 23:20:18,613 -------------------------------------------------------------------------------------
2022-01-02 23:20:23,221 页面文字京东登录注册+86获取验证码登 录账号密码登录手机快速注册其他登录方式QQ 微信 若您输入的手机号未注册，将为您直接注册，注册即视为同意 京东用户注册协议 、 用户隐私政策
2022-01-02 23:20:23,222 关闭页面
2022-01-02 23:20:23,272 浏览器关闭
2022-01-02 23:20:23,273 浏览器自检成功
2022-01-02 23:20:23,273 浏览器打开时间：4.659
2022-01-02 23:20:23,273 -------------------------------------------------------------------------------------
2022-01-02 23:20:23,273 检查成功
2022-01-02 23:20:23,290 NETJDC started
2022-01-02 23:22:36,494                  ,--.                     ,---._                           
2022-01-02 23:22:36,500                ,--.'|                   .-- -.' \     ,---,      ,----..   
2022-01-02 23:22:36,500            ,--,:  : |       ,---.       |    |   :  .'  .' `\   /   /   \  
2022-01-02 23:22:36,500         ,`--.'`|  ' :      /__./|       :    ;   |,---.'     \ |   :     : 
2022-01-02 23:22:36,500         |   :  :  | | ,---.;  ; |       :        ||   |  .`\  |.   |  ;. / 
2022-01-02 23:22:36,500         :   |   \ | :/___/ \  | |       |    :   ::   : |  '  |.   ; /--`  
2022-01-02 23:22:36,500         |   : '  '; |\   ;  \ ' |       :         |   ' '  ;  :;   | ;     
2022-01-02 23:22:36,500         '   ' ;.    ; \   \  \: |       |    ;   |'   | ;  .  ||   : |     
2022-01-02 23:22:36,500         |   | | \   |  ;   \  ' .   ___ l         |   | :  |  '.   | '___  
2022-01-02 23:22:36,500         '   : |  ; .'   \   \   ' /    /\    J   :'   : | /  ; '   ; : .'| 
2022-01-02 23:22:36,500         |   | '`--'      \   `  ;/  ../  `..-    ,|   | '` ,/  '   | '/  : 
2022-01-02 23:22:36,500         '   : |           :   \ |\    \         ; ;   :  .'    |   :    /  
2022-01-02 23:22:36,500         ;   |.'            '---'' \    \       ,' |   ,.'      \   \ .'   
2022-01-02 23:22:36,500         '---'                      '-- - ....--'  '-- '         `---`     
2022-01-02 23:22:36,500 
2022-01-02 23:22:36,500 
2022-01-02 23:22:36,500                                                                      Version:2.3
2022-01-02 23:22:36,500 
2022-01-02 23:22:36,500 
2022-01-02 23:22:36,500                                                                      By Nolan  
2022-01-02 23:22:36,500 
2022-01-02 23:22:36,500 -------------------------------------------------------------------------------------
2022-01-02 23:22:36,500 
2022-01-02 23:22:36,510 序列号:DAFFA873-5099-401D-90B7-92FBB8BF93D3

2022-01-02 23:22:36,510 Running on Linux!
2022-01-02 23:22:36,510 系统架构：X64
2022-01-02 23:22:36,510 系统名称：Linux 3.10.0-1160.11.1.el7.x86_64 #1 SMP Fri Dec 18 16:34:56 UTC 2020
2022-01-02 23:22:36,510 进程架构：X64
2022-01-02 23:22:36,510 是否64位操作系统：True
2022-01-02 23:22:36,510 -------------------------------------------------------------------------------------
2022-01-02 23:22:36,510 初始化项目
2022-01-02 23:22:36,510 -------------------------------------------------------------------------------------
2022-01-02 23:22:36,510 第一次运行会下载Chromium,后续只是检查是否下载
2022-01-02 23:22:36,510 检查中....
2022-01-02 23:22:36,524 True
2022-01-02 23:22:36,525 程序配置自检 
2022-01-02 23:22:36,525 如果报错请检查配置或者检查配置是否挂载
2022-01-02 23:22:36,528 上传模式：xdd
2022-01-02 23:22:36,528 回收时间：5分钟
2022-01-02 23:22:36,528 自动滑块：2
2022-01-02 23:22:36,528 
2022-01-02 23:22:36,528 
2022-01-02 23:22:36,528 浏览器自检
2022-01-02 23:22:36,528 -------------------------------------------------------------------------------------
2022-01-02 23:22:41,233 页面文字京东登录注册+86获取验证码登 录账号密码登录手机快速注册其他登录方式QQ 微信 若您输入的手机号未注册，将为您直接注册，注册即视为同意 京东用户注册协议 、 用户隐私政策
2022-01-02 23:22:41,233 关闭页面
2022-01-02 23:22:41,281 浏览器关闭
2022-01-02 23:22:41,281 浏览器自检成功
2022-01-02 23:22:41,281 浏览器打开时间：4.753
2022-01-02 23:22:41,282 -------------------------------------------------------------------------------------
2022-01-02 23:22:41,282 检查成功
2022-01-02 23:22:41,299 NETJDC started
2022-01-02 23:23:00,996     手机：15596262527 tabe 创建 时间:01/02/2022 23:23:00
2022-01-02 23:23:00,996 15596262527安全验证
2022-01-02 23:23:01,153 15596262527滑块安全验证
2022-01-02 23:23:01,295 
2022-01-02 23:23:01,548 15596262527获取到坐标 X153
2022-01-02 23:23:01,600 停顿16
2022-01-02 23:23:01,866 停顿1:836
2022-01-02 23:23:02,949 停顿2:627
2022-01-02 23:23:06,589 验证成功
2022-01-02 23:28:00,998     手机：15596262527 tabe 自动回收 时间:01/02/2022 23:28:00
