2022-01-07 13:38:30,353                  ,--.                     ,---._                           
2022-01-07 13:38:30,358                ,--.'|                   .-- -.' \     ,---,      ,----..   
2022-01-07 13:38:30,358            ,--,:  : |       ,---.       |    |   :  .'  .' `\   /   /   \  
2022-01-07 13:38:30,358         ,`--.'`|  ' :      /__./|       :    ;   |,---.'     \ |   :     : 
2022-01-07 13:38:30,358         |   :  :  | | ,---.;  ; |       :        ||   |  .`\  |.   |  ;. / 
2022-01-07 13:38:30,358         :   |   \ | :/___/ \  | |       |    :   ::   : |  '  |.   ; /--`  
2022-01-07 13:38:30,358         |   : '  '; |\   ;  \ ' |       :         |   ' '  ;  :;   | ;     
2022-01-07 13:38:30,358         '   ' ;.    ; \   \  \: |       |    ;   |'   | ;  .  ||   : |     
2022-01-07 13:38:30,358         |   | | \   |  ;   \  ' .   ___ l         |   | :  |  '.   | '___  
2022-01-07 13:38:30,358         '   : |  ; .'   \   \   ' /    /\    J   :'   : | /  ; '   ; : .'| 
2022-01-07 13:38:30,358         |   | '`--'      \   `  ;/  ../  `..-    ,|   | '` ,/  '   | '/  : 
2022-01-07 13:38:30,358         '   : |           :   \ |\    \         ; ;   :  .'    |   :    /  
2022-01-07 13:38:30,358         ;   |.'            '---'' \    \       ,' |   ,.'      \   \ .'   
2022-01-07 13:38:30,359         '---'                      '-- - ....--'  '-- '         `---`     
2022-01-07 13:38:30,359 
2022-01-07 13:38:30,359 
2022-01-07 13:38:30,359                                                                      Version:2.3
2022-01-07 13:38:30,359 
2022-01-07 13:38:30,359 
2022-01-07 13:38:30,359                                                                      By Nolan  
2022-01-07 13:38:30,359 
2022-01-07 13:38:30,359 -------------------------------------------------------------------------------------
2022-01-07 13:38:30,359 
2022-01-07 13:38:30,377 序列号:DAFFA873-5099-401D-90B7-92FBB8BF93D3

2022-01-07 13:38:30,377 Running on Linux!
2022-01-07 13:38:30,378 系统架构：X64
2022-01-07 13:38:30,378 系统名称：Linux 3.10.0-1160.11.1.el7.x86_64 #1 SMP Fri Dec 18 16:34:56 UTC 2020
2022-01-07 13:38:30,378 进程架构：X64
2022-01-07 13:38:30,378 是否64位操作系统：True
2022-01-07 13:38:30,378 -------------------------------------------------------------------------------------
2022-01-07 13:38:30,378 初始化项目
2022-01-07 13:38:30,378 -------------------------------------------------------------------------------------
2022-01-07 13:38:30,378 第一次运行会下载Chromium,后续只是检查是否下载
2022-01-07 13:38:30,378 检查中....
2022-01-07 13:38:30,397 True
2022-01-07 13:38:30,398 程序配置自检 
2022-01-07 13:38:30,398 如果报错请检查配置或者检查配置是否挂载
2022-01-07 13:38:30,402 上传模式：none
2022-01-07 13:38:30,402 回收时间：5分钟
2022-01-07 13:38:30,402 自动滑块：2
2022-01-07 13:38:30,402 
2022-01-07 13:38:30,402 
2022-01-07 13:38:30,402 浏览器自检
2022-01-07 13:38:30,402 -------------------------------------------------------------------------------------
2022-01-07 13:38:35,441 页面文字京东登录注册+86获取验证码登 录账号密码登录手机快速注册其他登录方式QQ 微信 若您输入的手机号未注册，将为您直接注册，注册即视为同意 京东用户注册协议 、 用户隐私政策
2022-01-07 13:38:35,441 关闭页面
2022-01-07 13:38:35,524 浏览器关闭
2022-01-07 13:38:35,524 浏览器自检成功
2022-01-07 13:38:35,524 浏览器打开时间：5.121
2022-01-07 13:38:35,524 -------------------------------------------------------------------------------------
2022-01-07 13:38:35,526 检查成功
2022-01-07 13:38:35,546 NETJDC started
