2022-01-04 01:28:56,108                  ,--.                     ,---._                           
2022-01-04 01:28:56,112                ,--.'|                   .-- -.' \     ,---,      ,----..   
2022-01-04 01:28:56,112            ,--,:  : |       ,---.       |    |   :  .'  .' `\   /   /   \  
2022-01-04 01:28:56,112         ,`--.'`|  ' :      /__./|       :    ;   |,---.'     \ |   :     : 
2022-01-04 01:28:56,112         |   :  :  | | ,---.;  ; |       :        ||   |  .`\  |.   |  ;. / 
2022-01-04 01:28:56,112         :   |   \ | :/___/ \  | |       |    :   ::   : |  '  |.   ; /--`  
2022-01-04 01:28:56,112         |   : '  '; |\   ;  \ ' |       :         |   ' '  ;  :;   | ;     
2022-01-04 01:28:56,112         '   ' ;.    ; \   \  \: |       |    ;   |'   | ;  .  ||   : |     
2022-01-04 01:28:56,112         |   | | \   |  ;   \  ' .   ___ l         |   | :  |  '.   | '___  
2022-01-04 01:28:56,112         '   : |  ; .'   \   \   ' /    /\    J   :'   : | /  ; '   ; : .'| 
2022-01-04 01:28:56,112         |   | '`--'      \   `  ;/  ../  `..-    ,|   | '` ,/  '   | '/  : 
2022-01-04 01:28:56,112         '   : |           :   \ |\    \         ; ;   :  .'    |   :    /  
2022-01-04 01:28:56,112         ;   |.'            '---'' \    \       ,' |   ,.'      \   \ .'   
2022-01-04 01:28:56,112         '---'                      '-- - ....--'  '-- '         `---`     
2022-01-04 01:28:56,112 
2022-01-04 01:28:56,112 
2022-01-04 01:28:56,113                                                                      Version:2.3
2022-01-04 01:28:56,113 
2022-01-04 01:28:56,113 
2022-01-04 01:28:56,113                                                                      By Nolan  
2022-01-04 01:28:56,113 
2022-01-04 01:28:56,113 -------------------------------------------------------------------------------------
2022-01-04 01:28:56,113 
2022-01-04 01:28:56,118 序列号:DAFFA873-5099-401D-90B7-92FBB8BF93D3

2022-01-04 01:28:56,118 Running on Linux!
2022-01-04 01:28:56,119 系统架构：X64
2022-01-04 01:28:56,119 系统名称：Linux 3.10.0-1160.11.1.el7.x86_64 #1 SMP Fri Dec 18 16:34:56 UTC 2020
2022-01-04 01:28:56,119 进程架构：X64
2022-01-04 01:28:56,119 是否64位操作系统：True
2022-01-04 01:28:56,119 -------------------------------------------------------------------------------------
2022-01-04 01:28:56,119 初始化项目
2022-01-04 01:28:56,119 -------------------------------------------------------------------------------------
2022-01-04 01:28:56,119 第一次运行会下载Chromium,后续只是检查是否下载
2022-01-04 01:28:56,119 检查中....
2022-01-04 01:28:56,136 True
2022-01-04 01:28:56,137 程序配置自检 
2022-01-04 01:28:56,137 如果报错请检查配置或者检查配置是否挂载
2022-01-04 01:28:56,140 上传模式：none
2022-01-04 01:28:56,140 回收时间：5分钟
2022-01-04 01:28:56,140 自动滑块：2
2022-01-04 01:28:56,140 
2022-01-04 01:28:56,140 
2022-01-04 01:28:56,140 浏览器自检
2022-01-04 01:28:56,140 -------------------------------------------------------------------------------------
2022-01-04 01:29:00,702 页面文字京东登录注册+86获取验证码登 录账号密码登录手机快速注册其他登录方式QQ 微信 若您输入的手机号未注册，将为您直接注册，注册即视为同意 京东用户注册协议 、 用户隐私政策
2022-01-04 01:29:00,702 关闭页面
2022-01-04 01:29:00,752 浏览器关闭
2022-01-04 01:29:00,752 浏览器自检成功
2022-01-04 01:29:00,752 浏览器打开时间：4.612
2022-01-04 01:29:00,753 -------------------------------------------------------------------------------------
2022-01-04 01:29:00,753 检查成功
2022-01-04 01:29:00,770 NETJDC started
2022-01-04 01:50:44,158                  ,--.                     ,---._                           
2022-01-04 01:50:44,162                ,--.'|                   .-- -.' \     ,---,      ,----..   
2022-01-04 01:50:44,162            ,--,:  : |       ,---.       |    |   :  .'  .' `\   /   /   \  
2022-01-04 01:50:44,162         ,`--.'`|  ' :      /__./|       :    ;   |,---.'     \ |   :     : 
2022-01-04 01:50:44,162         |   :  :  | | ,---.;  ; |       :        ||   |  .`\  |.   |  ;. / 
2022-01-04 01:50:44,162         :   |   \ | :/___/ \  | |       |    :   ::   : |  '  |.   ; /--`  
2022-01-04 01:50:44,162         |   : '  '; |\   ;  \ ' |       :         |   ' '  ;  :;   | ;     
2022-01-04 01:50:44,162         '   ' ;.    ; \   \  \: |       |    ;   |'   | ;  .  ||   : |     
2022-01-04 01:50:44,162         |   | | \   |  ;   \  ' .   ___ l         |   | :  |  '.   | '___  
2022-01-04 01:50:44,162         '   : |  ; .'   \   \   ' /    /\    J   :'   : | /  ; '   ; : .'| 
2022-01-04 01:50:44,162         |   | '`--'      \   `  ;/  ../  `..-    ,|   | '` ,/  '   | '/  : 
2022-01-04 01:50:44,162         '   : |           :   \ |\    \         ; ;   :  .'    |   :    /  
2022-01-04 01:50:44,162         ;   |.'            '---'' \    \       ,' |   ,.'      \   \ .'   
2022-01-04 01:50:44,162         '---'                      '-- - ....--'  '-- '         `---`     
2022-01-04 01:50:44,162 
2022-01-04 01:50:44,162 
2022-01-04 01:50:44,162                                                                      Version:2.3
2022-01-04 01:50:44,162 
2022-01-04 01:50:44,162 
2022-01-04 01:50:44,162                                                                      By Nolan  
2022-01-04 01:50:44,162 
2022-01-04 01:50:44,162 -------------------------------------------------------------------------------------
2022-01-04 01:50:44,162 
2022-01-04 01:50:44,168 序列号:DAFFA873-5099-401D-90B7-92FBB8BF93D3

2022-01-04 01:50:44,168 Running on Linux!
2022-01-04 01:50:44,168 系统架构：X64
2022-01-04 01:50:44,169 系统名称：Linux 3.10.0-1160.11.1.el7.x86_64 #1 SMP Fri Dec 18 16:34:56 UTC 2020
2022-01-04 01:50:44,169 进程架构：X64
2022-01-04 01:50:44,169 是否64位操作系统：True
2022-01-04 01:50:44,169 -------------------------------------------------------------------------------------
2022-01-04 01:50:44,169 初始化项目
2022-01-04 01:50:44,169 -------------------------------------------------------------------------------------
2022-01-04 01:50:44,169 第一次运行会下载Chromium,后续只是检查是否下载
2022-01-04 01:50:44,169 检查中....
2022-01-04 01:50:44,182 True
2022-01-04 01:50:44,183 程序配置自检 
2022-01-04 01:50:44,183 如果报错请检查配置或者检查配置是否挂载
2022-01-04 01:50:44,186 上传模式：none
2022-01-04 01:50:44,186 回收时间：5分钟
2022-01-04 01:50:44,186 自动滑块：2
2022-01-04 01:50:44,186 
2022-01-04 01:50:44,186 
2022-01-04 01:50:44,186 浏览器自检
2022-01-04 01:50:44,186 -------------------------------------------------------------------------------------
2022-01-04 01:50:48,747 页面文字京东登录注册+86获取验证码登 录账号密码登录手机快速注册其他登录方式QQ 微信 若您输入的手机号未注册，将为您直接注册，注册即视为同意 京东用户注册协议 、 用户隐私政策
2022-01-04 01:50:48,747 关闭页面
2022-01-04 01:50:48,795 浏览器关闭
2022-01-04 01:50:48,795 浏览器自检成功
2022-01-04 01:50:48,795 浏览器打开时间：4.609
2022-01-04 01:50:48,795 -------------------------------------------------------------------------------------
2022-01-04 01:50:48,796 检查成功
2022-01-04 01:50:48,812 NETJDC started
2022-01-04 02:36:28,268     手机：15596262527 tabe 创建 时间:01/04/2022 02:36:28
2022-01-04 02:36:28,268 15596262527安全验证
2022-01-04 02:36:28,376 15596262527滑块安全验证
2022-01-04 02:36:28,411 
2022-01-04 02:36:28,469 15596262527获取到坐标 X56
2022-01-04 02:36:28,529 停顿12
2022-01-04 02:36:28,731 停顿1:657
2022-01-04 02:36:29,578 停顿2:614
2022-01-04 02:36:33,203 验证成功
2022-01-04 02:41:28,270     手机：15596262527 tabe 自动回收 时间:01/04/2022 02:41:28
2022-01-04 02:42:45,090                  ,--.                     ,---._                           
2022-01-04 02:42:45,095                ,--.'|                   .-- -.' \     ,---,      ,----..   
2022-01-04 02:42:45,095            ,--,:  : |       ,---.       |    |   :  .'  .' `\   /   /   \  
2022-01-04 02:42:45,095         ,`--.'`|  ' :      /__./|       :    ;   |,---.'     \ |   :     : 
2022-01-04 02:42:45,095         |   :  :  | | ,---.;  ; |       :        ||   |  .`\  |.   |  ;. / 
2022-01-04 02:42:45,095         :   |   \ | :/___/ \  | |       |    :   ::   : |  '  |.   ; /--`  
2022-01-04 02:42:45,095         |   : '  '; |\   ;  \ ' |       :         |   ' '  ;  :;   | ;     
2022-01-04 02:42:45,095         '   ' ;.    ; \   \  \: |       |    ;   |'   | ;  .  ||   : |     
2022-01-04 02:42:45,095         |   | | \   |  ;   \  ' .   ___ l         |   | :  |  '.   | '___  
2022-01-04 02:42:45,095         '   : |  ; .'   \   \   ' /    /\    J   :'   : | /  ; '   ; : .'| 
2022-01-04 02:42:45,095         |   | '`--'      \   `  ;/  ../  `..-    ,|   | '` ,/  '   | '/  : 
2022-01-04 02:42:45,095         '   : |           :   \ |\    \         ; ;   :  .'    |   :    /  
2022-01-04 02:42:45,095         ;   |.'            '---'' \    \       ,' |   ,.'      \   \ .'   
2022-01-04 02:42:45,095         '---'                      '-- - ....--'  '-- '         `---`     
2022-01-04 02:42:45,095 
2022-01-04 02:42:45,095 
2022-01-04 02:42:45,095                                                                      Version:2.3
2022-01-04 02:42:45,095 
2022-01-04 02:42:45,095 
2022-01-04 02:42:45,095                                                                      By Nolan  
2022-01-04 02:42:45,095 
2022-01-04 02:42:45,095 -------------------------------------------------------------------------------------
2022-01-04 02:42:45,095 
2022-01-04 02:42:45,101 序列号:DAFFA873-5099-401D-90B7-92FBB8BF93D3

2022-01-04 02:42:45,101 Running on Linux!
2022-01-04 02:42:45,101 系统架构：X64
2022-01-04 02:42:45,101 系统名称：Linux 3.10.0-1160.11.1.el7.x86_64 #1 SMP Fri Dec 18 16:34:56 UTC 2020
2022-01-04 02:42:45,101 进程架构：X64
2022-01-04 02:42:45,101 是否64位操作系统：True
2022-01-04 02:42:45,101 -------------------------------------------------------------------------------------
2022-01-04 02:42:45,101 初始化项目
2022-01-04 02:42:45,101 -------------------------------------------------------------------------------------
2022-01-04 02:42:45,101 第一次运行会下载Chromium,后续只是检查是否下载
2022-01-04 02:42:45,101 检查中....
2022-01-04 02:42:45,114 True
2022-01-04 02:42:45,115 程序配置自检 
2022-01-04 02:42:45,115 如果报错请检查配置或者检查配置是否挂载
2022-01-04 02:42:45,118 上传模式：ql
2022-01-04 02:42:45,118 回收时间：5分钟
2022-01-04 02:42:45,118 自动滑块：2
2022-01-04 02:42:45,118 
2022-01-04 02:42:45,118 
2022-01-04 02:42:45,118 浏览器自检
2022-01-04 02:42:45,118 -------------------------------------------------------------------------------------
2022-01-04 02:42:49,699 页面文字京东登录注册+86获取验证码登 录账号密码登录手机快速注册其他登录方式QQ 微信 若您输入的手机号未注册，将为您直接注册，注册即视为同意 京东用户注册协议 、 用户隐私政策
2022-01-04 02:42:49,699 关闭页面
2022-01-04 02:42:49,776 浏览器关闭
2022-01-04 02:42:49,776 浏览器自检成功
2022-01-04 02:42:49,776 浏览器打开时间：4.657
2022-01-04 02:42:49,776 -------------------------------------------------------------------------------------
2022-01-04 02:42:49,776 检查成功
2022-01-04 02:42:50,105 NETJDC started
2022-01-04 02:56:59,898 System.Exception: 请选择服务器
   at NETJDC.Controllers.CloudController.SendSMS(RequestEntity obj) in E:\03工作源码\NETJDC\NETJDC\Controllers\CloudController.cs:line 197
2022-01-04 02:58:19,774 System.Exception: 请选择服务器
   at NETJDC.Controllers.CloudController.SendSMS(RequestEntity obj) in E:\03工作源码\NETJDC\NETJDC\Controllers\CloudController.cs:line 197
2022-01-04 02:58:42,721 System.Exception: 请选择服务器
   at NETJDC.Controllers.CloudController.SendSMS(RequestEntity obj) in E:\03工作源码\NETJDC\NETJDC\Controllers\CloudController.cs:line 197
2022-01-04 03:05:20,681 System.Exception: 请选择服务器
   at NETJDC.Controllers.CloudController.SendSMS(RequestEntity obj) in E:\03工作源码\NETJDC\NETJDC\Controllers\CloudController.cs:line 197
2022-01-04 15:01:21,310                  ,--.                     ,---._                           
2022-01-04 15:01:21,315                ,--.'|                   .-- -.' \     ,---,      ,----..   
2022-01-04 15:01:21,315            ,--,:  : |       ,---.       |    |   :  .'  .' `\   /   /   \  
2022-01-04 15:01:21,315         ,`--.'`|  ' :      /__./|       :    ;   |,---.'     \ |   :     : 
2022-01-04 15:01:21,315         |   :  :  | | ,---.;  ; |       :        ||   |  .`\  |.   |  ;. / 
2022-01-04 15:01:21,315         :   |   \ | :/___/ \  | |       |    :   ::   : |  '  |.   ; /--`  
2022-01-04 15:01:21,315         |   : '  '; |\   ;  \ ' |       :         |   ' '  ;  :;   | ;     
2022-01-04 15:01:21,315         '   ' ;.    ; \   \  \: |       |    ;   |'   | ;  .  ||   : |     
2022-01-04 15:01:21,315         |   | | \   |  ;   \  ' .   ___ l         |   | :  |  '.   | '___  
2022-01-04 15:01:21,315         '   : |  ; .'   \   \   ' /    /\    J   :'   : | /  ; '   ; : .'| 
2022-01-04 15:01:21,315         |   | '`--'      \   `  ;/  ../  `..-    ,|   | '` ,/  '   | '/  : 
2022-01-04 15:01:21,315         '   : |           :   \ |\    \         ; ;   :  .'    |   :    /  
2022-01-04 15:01:21,315         ;   |.'            '---'' \    \       ,' |   ,.'      \   \ .'   
2022-01-04 15:01:21,315         '---'                      '-- - ....--'  '-- '         `---`     
2022-01-04 15:01:21,315 
2022-01-04 15:01:21,315 
2022-01-04 15:01:21,315                                                                      Version:2.3
2022-01-04 15:01:21,315 
2022-01-04 15:01:21,315 
2022-01-04 15:01:21,315                                                                      By Nolan  
2022-01-04 15:01:21,315 
2022-01-04 15:01:21,315 -------------------------------------------------------------------------------------
2022-01-04 15:01:21,315 
2022-01-04 15:01:21,321 序列号:DAFFA873-5099-401D-90B7-92FBB8BF93D3

2022-01-04 15:01:21,321 Running on Linux!
2022-01-04 15:01:21,321 系统架构：X64
2022-01-04 15:01:21,321 系统名称：Linux 3.10.0-1160.11.1.el7.x86_64 #1 SMP Fri Dec 18 16:34:56 UTC 2020
2022-01-04 15:01:21,321 进程架构：X64
2022-01-04 15:01:21,321 是否64位操作系统：True
2022-01-04 15:01:21,321 -------------------------------------------------------------------------------------
2022-01-04 15:01:21,321 初始化项目
2022-01-04 15:01:21,321 -------------------------------------------------------------------------------------
2022-01-04 15:01:21,321 第一次运行会下载Chromium,后续只是检查是否下载
2022-01-04 15:01:21,321 检查中....
2022-01-04 15:01:21,334 True
2022-01-04 15:01:21,335 程序配置自检 
2022-01-04 15:01:21,335 如果报错请检查配置或者检查配置是否挂载
2022-01-04 15:01:21,338 上传模式：none
2022-01-04 15:01:21,338 回收时间：5分钟
2022-01-04 15:01:21,338 自动滑块：2
2022-01-04 15:01:21,338 
2022-01-04 15:01:21,339 
2022-01-04 15:01:21,339 浏览器自检
2022-01-04 15:01:21,339 -------------------------------------------------------------------------------------
2022-01-04 15:01:25,875 页面文字京东登录注册+86获取验证码登 录账号密码登录手机快速注册其他登录方式QQ 微信 若您输入的手机号未注册，将为您直接注册，注册即视为同意 京东用户注册协议 、 用户隐私政策
2022-01-04 15:01:25,875 关闭页面
2022-01-04 15:01:25,917 浏览器关闭
2022-01-04 15:01:25,917 浏览器自检成功
2022-01-04 15:01:25,918 浏览器打开时间：4.578
2022-01-04 15:01:25,918 -------------------------------------------------------------------------------------
2022-01-04 15:01:25,920 检查成功
2022-01-04 15:01:25,936 NETJDC started
2022-01-04 15:03:28,299     手机：15596262527 tabe 创建 时间:01/04/2022 15:03:28
2022-01-04 15:03:28,300 15596262527安全验证
2022-01-04 15:03:28,428 15596262527滑块安全验证
2022-01-04 15:03:28,477 
2022-01-04 15:03:28,536 15596262527获取到坐标 X87
2022-01-04 15:03:28,586 停顿13
2022-01-04 15:03:28,802 停顿1:895
2022-01-04 15:03:29,886 停顿2:634
2022-01-04 15:03:33,534 验证成功
2022-01-04 15:03:41,519 输入验证码132346
2022-01-04 15:03:44,732 15596262527获取到ck
2022-01-04 15:08:28,301     手机：15596262527 tabe 自动回收 时间:01/04/2022 15:08:28
