2022-01-02 23:20:18,586                  ,--.                     ,---._                           
2022-01-02 23:20:18,590                ,--.'|                   .-- -.' \     ,---,      ,----..   
2022-01-02 23:20:18,590            ,--,:  : |       ,---.       |    |   :  .'  .' `\   /   /   \  
2022-01-02 23:20:18,590         ,`--.'`|  ' :      /__./|       :    ;   |,---.'     \ |   :     : 
2022-01-02 23:20:18,590         |   :  :  | | ,---.;  ; |       :        ||   |  .`\  |.   |  ;. / 
2022-01-02 23:20:18,590         :   |   \ | :/___/ \  | |       |    :   ::   : |  '  |.   ; /--`  
2022-01-02 23:20:18,590         |   : '  '; |\   ;  \ ' |       :         |   ' '  ;  :;   | ;     
2022-01-02 23:20:18,591         '   ' ;.    ; \   \  \: |       |    ;   |'   | ;  .  ||   : |     
2022-01-02 23:20:18,591         |   | | \   |  ;   \  ' .   ___ l         |   | :  |  '.   | '___  
2022-01-02 23:20:18,591         '   : |  ; .'   \   \   ' /    /\    J   :'   : | /  ; '   ; : .'| 
2022-01-02 23:20:18,591         |   | '`--'      \   `  ;/  ../  `..-    ,|   | '` ,/  '   | '/  : 
2022-01-02 23:20:18,591         '   : |           :   \ |\    \         ; ;   :  .'    |   :    /  
2022-01-02 23:20:18,591         ;   |.'            '---'' \    \       ,' |   ,.'      \   \ .'   
2022-01-02 23:20:18,591         '---'                      '-- - ....--'  '-- '         `---`     
2022-01-02 23:20:18,591 
2022-01-02 23:20:18,591 
2022-01-02 23:20:18,591                                                                      Version:2.3
2022-01-02 23:20:18,591 
2022-01-02 23:20:18,591 
2022-01-02 23:20:18,591                                                                      By Nolan  
2022-01-02 23:20:18,591 
2022-01-02 23:20:18,591 -------------------------------------------------------------------------------------
2022-01-02 23:20:18,591 
2022-01-02 23:20:18,596 序列号:DAFFA873-5099-401D-90B7-92FBB8BF93D3

2022-01-02 23:20:18,596 Running on Linux!
2022-01-02 23:20:18,596 系统架构：X64
2022-01-02 23:20:18,596 系统名称：Linux 3.10.0-1160.11.1.el7.x86_64 #1 SMP Fri Dec 18 16:34:56 UTC 2020
2022-01-02 23:20:18,596 进程架构：X64
2022-01-02 23:20:18,596 是否64位操作系统：True
2022-01-02 23:20:18,596 -------------------------------------------------------------------------------------
2022-01-02 23:20:18,596 初始化项目
2022-01-02 23:20:18,596 -------------------------------------------------------------------------------------
2022-01-02 23:20:18,597 第一次运行会下载Chromium,后续只是检查是否下载
2022-01-02 23:20:18,597 检查中....
2022-01-02 23:20:18,610 True
2022-01-02 23:20:18,611 程序配置自检 
2022-01-02 23:20:18,611 如果报错请检查配置或者检查配置是否挂载
2022-01-02 23:20:18,613 上传模式：none
2022-01-02 23:20:18,613 回收时间：5分钟
2022-01-02 23:20:18,613 自动滑块：2
2022-01-02 23:20:18,613 
2022-01-02 23:20:18,613 
2022-01-02 23:20:18,613 浏览器自检
2022-01-02 23:20:18,613 -------------------------------------------------------------------------------------
2022-01-02 23:20:23,221 页面文字京东登录注册+86获取验证码登 录账号密码登录手机快速注册其他登录方式QQ 微信 若您输入的手机号未注册，将为您直接注册，注册即视为同意 京东用户注册协议 、 用户隐私政策
2022-01-02 23:20:23,222 关闭页面
2022-01-02 23:20:23,272 浏览器关闭
2022-01-02 23:20:23,273 浏览器自检成功
2022-01-02 23:20:23,273 浏览器打开时间：4.659
2022-01-02 23:20:23,273 -------------------------------------------------------------------------------------
2022-01-02 23:20:23,273 检查成功
2022-01-02 23:20:23,290 NETJDC started
2022-01-02 23:22:36,494                  ,--.                     ,---._                           
2022-01-02 23:22:36,500                ,--.'|                   .-- -.' \     ,---,      ,----..   
2022-01-02 23:22:36,500            ,--,:  : |       ,---.       |    |   :  .'  .' `\   /   /   \  
2022-01-02 23:22:36,500         ,`--.'`|  ' :      /__./|       :    ;   |,---.'     \ |   :     : 
2022-01-02 23:22:36,500         |   :  :  | | ,---.;  ; |       :        ||   |  .`\  |.   |  ;. / 
2022-01-02 23:22:36,500         :   |   \ | :/___/ \  | |       |    :   ::   : |  '  |.   ; /--`  
2022-01-02 23:22:36,500         |   : '  '; |\   ;  \ ' |       :         |   ' '  ;  :;   | ;     
2022-01-02 23:22:36,500         '   ' ;.    ; \   \  \: |       |    ;   |'   | ;  .  ||   : |     
2022-01-02 23:22:36,500         |   | | \   |  ;   \  ' .   ___ l         |   | :  |  '.   | '___  
2022-01-02 23:22:36,500         '   : |  ; .'   \   \   ' /    /\    J   :'   : | /  ; '   ; : .'| 
2022-01-02 23:22:36,500         |   | '`--'      \   `  ;/  ../  `..-    ,|   | '` ,/  '   | '/  : 
2022-01-02 23:22:36,500         '   : |           :   \ |\    \         ; ;   :  .'    |   :    /  
2022-01-02 23:22:36,500         ;   |.'            '---'' \    \       ,' |   ,.'      \   \ .'   
2022-01-02 23:22:36,500         '---'                      '-- - ....--'  '-- '         `---`     
2022-01-02 23:22:36,500 
2022-01-02 23:22:36,500 
2022-01-02 23:22:36,500                                                                      Version:2.3
2022-01-02 23:22:36,500 
2022-01-02 23:22:36,500 
2022-01-02 23:22:36,500                                                                      By Nolan  
2022-01-02 23:22:36,500 
2022-01-02 23:22:36,500 -------------------------------------------------------------------------------------
2022-01-02 23:22:36,500 
2022-01-02 23:22:36,510 序列号:DAFFA873-5099-401D-90B7-92FBB8BF93D3

2022-01-02 23:22:36,510 Running on Linux!
2022-01-02 23:22:36,510 系统架构：X64
2022-01-02 23:22:36,510 系统名称：Linux 3.10.0-1160.11.1.el7.x86_64 #1 SMP Fri Dec 18 16:34:56 UTC 2020
2022-01-02 23:22:36,510 进程架构：X64
2022-01-02 23:22:36,510 是否64位操作系统：True
2022-01-02 23:22:36,510 -------------------------------------------------------------------------------------
2022-01-02 23:22:36,510 初始化项目
2022-01-02 23:22:36,510 -------------------------------------------------------------------------------------
2022-01-02 23:22:36,510 第一次运行会下载Chromium,后续只是检查是否下载
2022-01-02 23:22:36,510 检查中....
2022-01-02 23:22:36,524 True
2022-01-02 23:22:36,525 程序配置自检 
2022-01-02 23:22:36,525 如果报错请检查配置或者检查配置是否挂载
2022-01-02 23:22:36,528 上传模式：xdd
2022-01-02 23:22:36,528 回收时间：5分钟
2022-01-02 23:22:36,528 自动滑块：2
2022-01-02 23:22:36,528 
2022-01-02 23:22:36,528 
2022-01-02 23:22:36,528 浏览器自检
2022-01-02 23:22:36,528 -------------------------------------------------------------------------------------
2022-01-02 23:22:41,233 页面文字京东登录注册+86获取验证码登 录账号密码登录手机快速注册其他登录方式QQ 微信 若您输入的手机号未注册，将为您直接注册，注册即视为同意 京东用户注册协议 、 用户隐私政策
2022-01-02 23:22:41,233 关闭页面
2022-01-02 23:22:41,281 浏览器关闭
2022-01-02 23:22:41,281 浏览器自检成功
2022-01-02 23:22:41,281 浏览器打开时间：4.753
2022-01-02 23:22:41,282 -------------------------------------------------------------------------------------
2022-01-02 23:22:41,282 检查成功
2022-01-02 23:22:41,299 NETJDC started
2022-01-02 23:23:00,996     手机：15596262527 tabe 创建 时间:01/02/2022 23:23:00
2022-01-02 23:23:00,996 15596262527安全验证
2022-01-02 23:23:01,153 15596262527滑块安全验证
2022-01-02 23:23:01,295 
2022-01-02 23:23:01,548 15596262527获取到坐标 X153
2022-01-02 23:23:01,600 停顿16
2022-01-02 23:23:01,866 停顿1:836
2022-01-02 23:23:02,949 停顿2:627
2022-01-02 23:23:06,589 验证成功
2022-01-02 23:28:00,998     手机：15596262527 tabe 自动回收 时间:01/02/2022 23:28:00
2022-01-03 10:40:02,883                  ,--.                     ,---._                           
2022-01-03 10:40:02,887                ,--.'|                   .-- -.' \     ,---,      ,----..   
2022-01-03 10:40:02,887            ,--,:  : |       ,---.       |    |   :  .'  .' `\   /   /   \  
2022-01-03 10:40:02,887         ,`--.'`|  ' :      /__./|       :    ;   |,---.'     \ |   :     : 
2022-01-03 10:40:02,887         |   :  :  | | ,---.;  ; |       :        ||   |  .`\  |.   |  ;. / 
2022-01-03 10:40:02,887         :   |   \ | :/___/ \  | |       |    :   ::   : |  '  |.   ; /--`  
2022-01-03 10:40:02,887         |   : '  '; |\   ;  \ ' |       :         |   ' '  ;  :;   | ;     
2022-01-03 10:40:02,887         '   ' ;.    ; \   \  \: |       |    ;   |'   | ;  .  ||   : |     
2022-01-03 10:40:02,887         |   | | \   |  ;   \  ' .   ___ l         |   | :  |  '.   | '___  
2022-01-03 10:40:02,887         '   : |  ; .'   \   \   ' /    /\    J   :'   : | /  ; '   ; : .'| 
2022-01-03 10:40:02,887         |   | '`--'      \   `  ;/  ../  `..-    ,|   | '` ,/  '   | '/  : 
2022-01-03 10:40:02,887         '   : |           :   \ |\    \         ; ;   :  .'    |   :    /  
2022-01-03 10:40:02,887         ;   |.'            '---'' \    \       ,' |   ,.'      \   \ .'   
2022-01-03 10:40:02,887         '---'                      '-- - ....--'  '-- '         `---`     
2022-01-03 10:40:02,887 
2022-01-03 10:40:02,887 
2022-01-03 10:40:02,887                                                                      Version:2.3
2022-01-03 10:40:02,887 
2022-01-03 10:40:02,887 
2022-01-03 10:40:02,887                                                                      By Nolan  
2022-01-03 10:40:02,887 
2022-01-03 10:40:02,888 -------------------------------------------------------------------------------------
2022-01-03 10:40:02,888 
2022-01-03 10:40:02,894 序列号:DAFFA873-5099-401D-90B7-92FBB8BF93D3

2022-01-03 10:40:02,894 Running on Linux!
2022-01-03 10:40:02,894 系统架构：X64
2022-01-03 10:40:02,894 系统名称：Linux 3.10.0-1160.11.1.el7.x86_64 #1 SMP Fri Dec 18 16:34:56 UTC 2020
2022-01-03 10:40:02,894 进程架构：X64
2022-01-03 10:40:02,894 是否64位操作系统：True
2022-01-03 10:40:02,894 -------------------------------------------------------------------------------------
2022-01-03 10:40:02,894 初始化项目
2022-01-03 10:40:02,894 -------------------------------------------------------------------------------------
2022-01-03 10:40:02,894 第一次运行会下载Chromium,后续只是检查是否下载
2022-01-03 10:40:02,894 检查中....
2022-01-03 10:40:02,908 True
2022-01-03 10:40:02,909 程序配置自检 
2022-01-03 10:40:02,909 如果报错请检查配置或者检查配置是否挂载
2022-01-03 10:40:02,911 上传模式：none
2022-01-03 10:40:02,912 回收时间：5分钟
2022-01-03 10:40:02,912 自动滑块：2
2022-01-03 10:40:02,912 
2022-01-03 10:40:02,912 
2022-01-03 10:40:02,912 浏览器自检
2022-01-03 10:40:02,912 -------------------------------------------------------------------------------------
2022-01-03 10:40:07,461 页面文字京东登录注册+86获取验证码登 录账号密码登录手机快速注册其他登录方式QQ 微信 若您输入的手机号未注册，将为您直接注册，注册即视为同意 京东用户注册协议 、 用户隐私政策
2022-01-03 10:40:07,461 关闭页面
2022-01-03 10:40:07,504 浏览器关闭
2022-01-03 10:40:07,504 浏览器自检成功
2022-01-03 10:40:07,504 浏览器打开时间：4.5920000000000005
2022-01-03 10:40:07,505 -------------------------------------------------------------------------------------
2022-01-03 10:40:07,505 检查成功
2022-01-03 10:40:07,523 NETJDC started
2022-01-03 21:21:27,628 PuppeteerSharp.NavigationException: net::ERR_PROXY_CONNECTION_FAILED at https://plogin.m.jd.com/login/login?appid=300&returnurl=https%3A%2F%2Fwq.jd.com%2Fpassport%2FLoginRedirect%3Fstate%3D2087738584%26returnurl%3Dhttps%253A%252F%252Fhome.m.jd.com%252FmyJd%252Fnewhome.action%253Fsceneval%253D2%2526ufc%253D%2526&source=wq_passport at https://plogin.m.jd.com/login/login?appid=300&returnurl=https%3A%2F%2Fwq.jd.com%2Fpassport%2FLoginRedirect%3Fstate%3D2087738584%26returnurl%3Dhttps%253A%252F%252Fhome.m.jd.com%252FmyJd%252Fnewhome.action%253Fsceneval%253D2%2526ufc%253D%2526&source=wq_passport
 ---> PuppeteerSharp.NavigationException: net::ERR_PROXY_CONNECTION_FAILED at https://plogin.m.jd.com/login/login?appid=300&returnurl=https%3A%2F%2Fwq.jd.com%2Fpassport%2FLoginRedirect%3Fstate%3D2087738584%26returnurl%3Dhttps%253A%252F%252Fhome.m.jd.com%252FmyJd%252Fnewhome.action%253Fsceneval%253D2%2526ufc%253D%2526&source=wq_passport
   at PuppeteerSharp.FrameManager.NavigateAsync(CDPSession client, String url, String referrer, String frameId) in C:\projects\puppeteer-sharp\lib\PuppeteerSharp\FrameManager.cs:line 145
   at PuppeteerSharp.FrameManager.NavigateFrameAsync(Frame frame, String url, NavigationOptions options) in C:\projects\puppeteer-sharp\lib\PuppeteerSharp\FrameManager.cs:line 115
   --- End of inner exception stack trace ---
   at PuppeteerSharp.FrameManager.NavigateFrameAsync(Frame frame, String url, NavigationOptions options) in C:\projects\puppeteer-sharp\lib\PuppeteerSharp\FrameManager.cs:line 125
   at Server.PageServer.PageServer.OpenJDTab(Int32 qlkey, String Phone, Boolean UploadQL) in E:\03工作源码\NETJDC\Server\PageServer\PageServer.cs:line 378
   at NETJDC.Controllers.CloudController.SendSMS(RequestEntity obj) in E:\03工作源码\NETJDC\NETJDC\Controllers\CloudController.cs:line 201
2022-01-03 21:23:04,553 PuppeteerSharp.NavigationException: net::ERR_TIMED_OUT at https://plogin.m.jd.com/login/login?appid=300&returnurl=https%3A%2F%2Fwq.jd.com%2Fpassport%2FLoginRedirect%3Fstate%3D2087738584%26returnurl%3Dhttps%253A%252F%252Fhome.m.jd.com%252FmyJd%252Fnewhome.action%253Fsceneval%253D2%2526ufc%253D%2526&source=wq_passport at https://plogin.m.jd.com/login/login?appid=300&returnurl=https%3A%2F%2Fwq.jd.com%2Fpassport%2FLoginRedirect%3Fstate%3D2087738584%26returnurl%3Dhttps%253A%252F%252Fhome.m.jd.com%252FmyJd%252Fnewhome.action%253Fsceneval%253D2%2526ufc%253D%2526&source=wq_passport
 ---> PuppeteerSharp.NavigationException: net::ERR_TIMED_OUT at https://plogin.m.jd.com/login/login?appid=300&returnurl=https%3A%2F%2Fwq.jd.com%2Fpassport%2FLoginRedirect%3Fstate%3D2087738584%26returnurl%3Dhttps%253A%252F%252Fhome.m.jd.com%252FmyJd%252Fnewhome.action%253Fsceneval%253D2%2526ufc%253D%2526&source=wq_passport
   at PuppeteerSharp.FrameManager.NavigateAsync(CDPSession client, String url, String referrer, String frameId) in C:\projects\puppeteer-sharp\lib\PuppeteerSharp\FrameManager.cs:line 145
   at PuppeteerSharp.FrameManager.NavigateFrameAsync(Frame frame, String url, NavigationOptions options) in C:\projects\puppeteer-sharp\lib\PuppeteerSharp\FrameManager.cs:line 115
   --- End of inner exception stack trace ---
   at PuppeteerSharp.FrameManager.NavigateFrameAsync(Frame frame, String url, NavigationOptions options) in C:\projects\puppeteer-sharp\lib\PuppeteerSharp\FrameManager.cs:line 125
   at Server.PageServer.PageServer.OpenJDTab(Int32 qlkey, String Phone, Boolean UploadQL) in E:\03工作源码\NETJDC\Server\PageServer\PageServer.cs:line 378
   at NETJDC.Controllers.CloudController.SendSMS(RequestEntity obj) in E:\03工作源码\NETJDC\NETJDC\Controllers\CloudController.cs:line 201
2022-01-03 21:25:17,966 PuppeteerSharp.NavigationException: net::ERR_TIMED_OUT at https://plogin.m.jd.com/login/login?appid=300&returnurl=https%3A%2F%2Fwq.jd.com%2Fpassport%2FLoginRedirect%3Fstate%3D2087738584%26returnurl%3Dhttps%253A%252F%252Fhome.m.jd.com%252FmyJd%252Fnewhome.action%253Fsceneval%253D2%2526ufc%253D%2526&source=wq_passport at https://plogin.m.jd.com/login/login?appid=300&returnurl=https%3A%2F%2Fwq.jd.com%2Fpassport%2FLoginRedirect%3Fstate%3D2087738584%26returnurl%3Dhttps%253A%252F%252Fhome.m.jd.com%252FmyJd%252Fnewhome.action%253Fsceneval%253D2%2526ufc%253D%2526&source=wq_passport
 ---> PuppeteerSharp.NavigationException: net::ERR_TIMED_OUT at https://plogin.m.jd.com/login/login?appid=300&returnurl=https%3A%2F%2Fwq.jd.com%2Fpassport%2FLoginRedirect%3Fstate%3D2087738584%26returnurl%3Dhttps%253A%252F%252Fhome.m.jd.com%252FmyJd%252Fnewhome.action%253Fsceneval%253D2%2526ufc%253D%2526&source=wq_passport
   at PuppeteerSharp.FrameManager.NavigateAsync(CDPSession client, String url, String referrer, String frameId) in C:\projects\puppeteer-sharp\lib\PuppeteerSharp\FrameManager.cs:line 145
   at PuppeteerSharp.FrameManager.NavigateFrameAsync(Frame frame, String url, NavigationOptions options) in C:\projects\puppeteer-sharp\lib\PuppeteerSharp\FrameManager.cs:line 115
   --- End of inner exception stack trace ---
   at PuppeteerSharp.FrameManager.NavigateFrameAsync(Frame frame, String url, NavigationOptions options) in C:\projects\puppeteer-sharp\lib\PuppeteerSharp\FrameManager.cs:line 125
   at Server.PageServer.PageServer.OpenJDTab(Int32 qlkey, String Phone, Boolean UploadQL) in E:\03工作源码\NETJDC\Server\PageServer\PageServer.cs:line 378
   at NETJDC.Controllers.CloudController.SendSMS(RequestEntity obj) in E:\03工作源码\NETJDC\NETJDC\Controllers\CloudController.cs:line 201
2022-01-03 21:29:14,591     手机：15596262527 tabe 创建 时间:01/03/2022 21:29:14
2022-01-03 21:29:14,591 15596262527安全验证
2022-01-03 21:29:14,718 15596262527滑块安全验证
2022-01-03 21:29:14,757 
2022-01-03 21:29:14,841 15596262527获取到坐标 X103
2022-01-03 21:29:14,900 停顿5
2022-01-03 21:29:14,982 停顿1:757
2022-01-03 21:29:15,799 停顿2:520
2022-01-03 21:29:19,332 验证成功
2022-01-03 21:33:03,489     手机：15596262527 tabe 创建 时间:01/03/2022 21:33:03
2022-01-03 21:33:03,489 15596262527安全验证
2022-01-03 21:33:03,643 15596262527滑块安全验证
2022-01-03 21:33:03,657 
2022-01-03 21:33:03,659 15596262527获取到坐标 X90
2022-01-03 21:33:03,707 停顿11
2022-01-03 21:33:03,890 停顿1:932
2022-01-03 21:33:04,991 停顿2:683
2022-01-03 21:33:08,687 验证成功
2022-01-03 21:34:14,592     手机：15596262527 tabe 自动回收 时间:01/03/2022 21:34:14
2022-01-03 21:38:03,489     手机：15596262527 tabe 自动回收 时间:01/03/2022 21:38:03
2022-01-03 21:39:14,407     手机：15596262527 tabe 创建 时间:01/03/2022 21:39:14
2022-01-03 21:39:14,407 15596262527安全验证
2022-01-03 21:39:14,487 15596262527滑块安全验证
2022-01-03 21:39:14,497 
2022-01-03 21:39:14,499 15596262527获取到坐标 X183
2022-01-03 21:39:14,543 停顿13
2022-01-03 21:39:14,759 停顿1:661
2022-01-03 21:39:15,610 停顿2:574
2022-01-03 21:39:19,198 验证成功
2022-01-03 21:44:14,407     手机：15596262527 tabe 自动回收 时间:01/03/2022 21:44:14
2022-01-04 01:28:56,108                  ,--.                     ,---._                           
2022-01-04 01:28:56,112                ,--.'|                   .-- -.' \     ,---,      ,----..   
2022-01-04 01:28:56,112            ,--,:  : |       ,---.       |    |   :  .'  .' `\   /   /   \  
2022-01-04 01:28:56,112         ,`--.'`|  ' :      /__./|       :    ;   |,---.'     \ |   :     : 
2022-01-04 01:28:56,112         |   :  :  | | ,---.;  ; |       :        ||   |  .`\  |.   |  ;. / 
2022-01-04 01:28:56,112         :   |   \ | :/___/ \  | |       |    :   ::   : |  '  |.   ; /--`  
2022-01-04 01:28:56,112         |   : '  '; |\   ;  \ ' |       :         |   ' '  ;  :;   | ;     
2022-01-04 01:28:56,112         '   ' ;.    ; \   \  \: |       |    ;   |'   | ;  .  ||   : |     
2022-01-04 01:28:56,112         |   | | \   |  ;   \  ' .   ___ l         |   | :  |  '.   | '___  
2022-01-04 01:28:56,112         '   : |  ; .'   \   \   ' /    /\    J   :'   : | /  ; '   ; : .'| 
2022-01-04 01:28:56,112         |   | '`--'      \   `  ;/  ../  `..-    ,|   | '` ,/  '   | '/  : 
2022-01-04 01:28:56,112         '   : |           :   \ |\    \         ; ;   :  .'    |   :    /  
2022-01-04 01:28:56,112         ;   |.'            '---'' \    \       ,' |   ,.'      \   \ .'   
2022-01-04 01:28:56,112         '---'                      '-- - ....--'  '-- '         `---`     
2022-01-04 01:28:56,112 
2022-01-04 01:28:56,112 
2022-01-04 01:28:56,113                                                                      Version:2.3
2022-01-04 01:28:56,113 
2022-01-04 01:28:56,113 
2022-01-04 01:28:56,113                                                                      By Nolan  
2022-01-04 01:28:56,113 
2022-01-04 01:28:56,113 -------------------------------------------------------------------------------------
2022-01-04 01:28:56,113 
2022-01-04 01:28:56,118 序列号:DAFFA873-5099-401D-90B7-92FBB8BF93D3

2022-01-04 01:28:56,118 Running on Linux!
2022-01-04 01:28:56,119 系统架构：X64
2022-01-04 01:28:56,119 系统名称：Linux 3.10.0-1160.11.1.el7.x86_64 #1 SMP Fri Dec 18 16:34:56 UTC 2020
2022-01-04 01:28:56,119 进程架构：X64
2022-01-04 01:28:56,119 是否64位操作系统：True
2022-01-04 01:28:56,119 -------------------------------------------------------------------------------------
2022-01-04 01:28:56,119 初始化项目
2022-01-04 01:28:56,119 -------------------------------------------------------------------------------------
2022-01-04 01:28:56,119 第一次运行会下载Chromium,后续只是检查是否下载
2022-01-04 01:28:56,119 检查中....
2022-01-04 01:28:56,136 True
2022-01-04 01:28:56,137 程序配置自检 
2022-01-04 01:28:56,137 如果报错请检查配置或者检查配置是否挂载
2022-01-04 01:28:56,140 上传模式：none
2022-01-04 01:28:56,140 回收时间：5分钟
2022-01-04 01:28:56,140 自动滑块：2
2022-01-04 01:28:56,140 
2022-01-04 01:28:56,140 
2022-01-04 01:28:56,140 浏览器自检
2022-01-04 01:28:56,140 -------------------------------------------------------------------------------------
2022-01-04 01:29:00,702 页面文字京东登录注册+86获取验证码登 录账号密码登录手机快速注册其他登录方式QQ 微信 若您输入的手机号未注册，将为您直接注册，注册即视为同意 京东用户注册协议 、 用户隐私政策
2022-01-04 01:29:00,702 关闭页面
2022-01-04 01:29:00,752 浏览器关闭
2022-01-04 01:29:00,752 浏览器自检成功
2022-01-04 01:29:00,752 浏览器打开时间：4.612
2022-01-04 01:29:00,753 -------------------------------------------------------------------------------------
2022-01-04 01:29:00,753 检查成功
2022-01-04 01:29:00,770 NETJDC started
2022-01-04 01:50:44,158                  ,--.                     ,---._                           
2022-01-04 01:50:44,162                ,--.'|                   .-- -.' \     ,---,      ,----..   
2022-01-04 01:50:44,162            ,--,:  : |       ,---.       |    |   :  .'  .' `\   /   /   \  
2022-01-04 01:50:44,162         ,`--.'`|  ' :      /__./|       :    ;   |,---.'     \ |   :     : 
2022-01-04 01:50:44,162         |   :  :  | | ,---.;  ; |       :        ||   |  .`\  |.   |  ;. / 
2022-01-04 01:50:44,162         :   |   \ | :/___/ \  | |       |    :   ::   : |  '  |.   ; /--`  
2022-01-04 01:50:44,162         |   : '  '; |\   ;  \ ' |       :         |   ' '  ;  :;   | ;     
2022-01-04 01:50:44,162         '   ' ;.    ; \   \  \: |       |    ;   |'   | ;  .  ||   : |     
2022-01-04 01:50:44,162         |   | | \   |  ;   \  ' .   ___ l         |   | :  |  '.   | '___  
2022-01-04 01:50:44,162         '   : |  ; .'   \   \   ' /    /\    J   :'   : | /  ; '   ; : .'| 
2022-01-04 01:50:44,162         |   | '`--'      \   `  ;/  ../  `..-    ,|   | '` ,/  '   | '/  : 
2022-01-04 01:50:44,162         '   : |           :   \ |\    \         ; ;   :  .'    |   :    /  
2022-01-04 01:50:44,162         ;   |.'            '---'' \    \       ,' |   ,.'      \   \ .'   
2022-01-04 01:50:44,162         '---'                      '-- - ....--'  '-- '         `---`     
2022-01-04 01:50:44,162 
2022-01-04 01:50:44,162 
2022-01-04 01:50:44,162                                                                      Version:2.3
2022-01-04 01:50:44,162 
2022-01-04 01:50:44,162 
2022-01-04 01:50:44,162                                                                      By Nolan  
2022-01-04 01:50:44,162 
2022-01-04 01:50:44,162 -------------------------------------------------------------------------------------
2022-01-04 01:50:44,162 
2022-01-04 01:50:44,168 序列号:DAFFA873-5099-401D-90B7-92FBB8BF93D3

2022-01-04 01:50:44,168 Running on Linux!
2022-01-04 01:50:44,168 系统架构：X64
2022-01-04 01:50:44,169 系统名称：Linux 3.10.0-1160.11.1.el7.x86_64 #1 SMP Fri Dec 18 16:34:56 UTC 2020
2022-01-04 01:50:44,169 进程架构：X64
2022-01-04 01:50:44,169 是否64位操作系统：True
2022-01-04 01:50:44,169 -------------------------------------------------------------------------------------
2022-01-04 01:50:44,169 初始化项目
2022-01-04 01:50:44,169 -------------------------------------------------------------------------------------
2022-01-04 01:50:44,169 第一次运行会下载Chromium,后续只是检查是否下载
2022-01-04 01:50:44,169 检查中....
2022-01-04 01:50:44,182 True
2022-01-04 01:50:44,183 程序配置自检 
2022-01-04 01:50:44,183 如果报错请检查配置或者检查配置是否挂载
2022-01-04 01:50:44,186 上传模式：none
2022-01-04 01:50:44,186 回收时间：5分钟
2022-01-04 01:50:44,186 自动滑块：2
2022-01-04 01:50:44,186 
2022-01-04 01:50:44,186 
2022-01-04 01:50:44,186 浏览器自检
2022-01-04 01:50:44,186 -------------------------------------------------------------------------------------
2022-01-04 01:50:48,747 页面文字京东登录注册+86获取验证码登 录账号密码登录手机快速注册其他登录方式QQ 微信 若您输入的手机号未注册，将为您直接注册，注册即视为同意 京东用户注册协议 、 用户隐私政策
2022-01-04 01:50:48,747 关闭页面
2022-01-04 01:50:48,795 浏览器关闭
2022-01-04 01:50:48,795 浏览器自检成功
2022-01-04 01:50:48,795 浏览器打开时间：4.609
2022-01-04 01:50:48,795 -------------------------------------------------------------------------------------
2022-01-04 01:50:48,796 检查成功
2022-01-04 01:50:48,812 NETJDC started
2022-01-04 02:36:28,268     手机：15596262527 tabe 创建 时间:01/04/2022 02:36:28
2022-01-04 02:36:28,268 15596262527安全验证
2022-01-04 02:36:28,376 15596262527滑块安全验证
2022-01-04 02:36:28,411 
2022-01-04 02:36:28,469 15596262527获取到坐标 X56
2022-01-04 02:36:28,529 停顿12
2022-01-04 02:36:28,731 停顿1:657
2022-01-04 02:36:29,578 停顿2:614
2022-01-04 02:36:33,203 验证成功
2022-01-04 02:41:28,270     手机：15596262527 tabe 自动回收 时间:01/04/2022 02:41:28
2022-01-04 02:42:45,090                  ,--.                     ,---._                           
2022-01-04 02:42:45,095                ,--.'|                   .-- -.' \     ,---,      ,----..   
2022-01-04 02:42:45,095            ,--,:  : |       ,---.       |    |   :  .'  .' `\   /   /   \  
2022-01-04 02:42:45,095         ,`--.'`|  ' :      /__./|       :    ;   |,---.'     \ |   :     : 
2022-01-04 02:42:45,095         |   :  :  | | ,---.;  ; |       :        ||   |  .`\  |.   |  ;. / 
2022-01-04 02:42:45,095         :   |   \ | :/___/ \  | |       |    :   ::   : |  '  |.   ; /--`  
2022-01-04 02:42:45,095         |   : '  '; |\   ;  \ ' |       :         |   ' '  ;  :;   | ;     
2022-01-04 02:42:45,095         '   ' ;.    ; \   \  \: |       |    ;   |'   | ;  .  ||   : |     
2022-01-04 02:42:45,095         |   | | \   |  ;   \  ' .   ___ l         |   | :  |  '.   | '___  
2022-01-04 02:42:45,095         '   : |  ; .'   \   \   ' /    /\    J   :'   : | /  ; '   ; : .'| 
2022-01-04 02:42:45,095         |   | '`--'      \   `  ;/  ../  `..-    ,|   | '` ,/  '   | '/  : 
2022-01-04 02:42:45,095         '   : |           :   \ |\    \         ; ;   :  .'    |   :    /  
2022-01-04 02:42:45,095         ;   |.'            '---'' \    \       ,' |   ,.'      \   \ .'   
2022-01-04 02:42:45,095         '---'                      '-- - ....--'  '-- '         `---`     
2022-01-04 02:42:45,095 
2022-01-04 02:42:45,095 
2022-01-04 02:42:45,095                                                                      Version:2.3
2022-01-04 02:42:45,095 
2022-01-04 02:42:45,095 
2022-01-04 02:42:45,095                                                                      By Nolan  
2022-01-04 02:42:45,095 
2022-01-04 02:42:45,095 -------------------------------------------------------------------------------------
2022-01-04 02:42:45,095 
2022-01-04 02:42:45,101 序列号:DAFFA873-5099-401D-90B7-92FBB8BF93D3

2022-01-04 02:42:45,101 Running on Linux!
2022-01-04 02:42:45,101 系统架构：X64
2022-01-04 02:42:45,101 系统名称：Linux 3.10.0-1160.11.1.el7.x86_64 #1 SMP Fri Dec 18 16:34:56 UTC 2020
2022-01-04 02:42:45,101 进程架构：X64
2022-01-04 02:42:45,101 是否64位操作系统：True
2022-01-04 02:42:45,101 -------------------------------------------------------------------------------------
2022-01-04 02:42:45,101 初始化项目
2022-01-04 02:42:45,101 -------------------------------------------------------------------------------------
2022-01-04 02:42:45,101 第一次运行会下载Chromium,后续只是检查是否下载
2022-01-04 02:42:45,101 检查中....
2022-01-04 02:42:45,114 True
2022-01-04 02:42:45,115 程序配置自检 
2022-01-04 02:42:45,115 如果报错请检查配置或者检查配置是否挂载
2022-01-04 02:42:45,118 上传模式：ql
2022-01-04 02:42:45,118 回收时间：5分钟
2022-01-04 02:42:45,118 自动滑块：2
2022-01-04 02:42:45,118 
2022-01-04 02:42:45,118 
2022-01-04 02:42:45,118 浏览器自检
2022-01-04 02:42:45,118 -------------------------------------------------------------------------------------
2022-01-04 02:42:49,699 页面文字京东登录注册+86获取验证码登 录账号密码登录手机快速注册其他登录方式QQ 微信 若您输入的手机号未注册，将为您直接注册，注册即视为同意 京东用户注册协议 、 用户隐私政策
2022-01-04 02:42:49,699 关闭页面
2022-01-04 02:42:49,776 浏览器关闭
2022-01-04 02:42:49,776 浏览器自检成功
2022-01-04 02:42:49,776 浏览器打开时间：4.657
2022-01-04 02:42:49,776 -------------------------------------------------------------------------------------
2022-01-04 02:42:49,776 检查成功
2022-01-04 02:42:50,105 NETJDC started
2022-01-04 02:56:59,898 System.Exception: 请选择服务器
   at NETJDC.Controllers.CloudController.SendSMS(RequestEntity obj) in E:\03工作源码\NETJDC\NETJDC\Controllers\CloudController.cs:line 197
2022-01-04 02:58:19,774 System.Exception: 请选择服务器
   at NETJDC.Controllers.CloudController.SendSMS(RequestEntity obj) in E:\03工作源码\NETJDC\NETJDC\Controllers\CloudController.cs:line 197
2022-01-04 02:58:42,721 System.Exception: 请选择服务器
   at NETJDC.Controllers.CloudController.SendSMS(RequestEntity obj) in E:\03工作源码\NETJDC\NETJDC\Controllers\CloudController.cs:line 197
2022-01-04 03:05:20,681 System.Exception: 请选择服务器
   at NETJDC.Controllers.CloudController.SendSMS(RequestEntity obj) in E:\03工作源码\NETJDC\NETJDC\Controllers\CloudController.cs:line 197
2022-01-04 15:01:21,310                  ,--.                     ,---._                           
2022-01-04 15:01:21,315                ,--.'|                   .-- -.' \     ,---,      ,----..   
2022-01-04 15:01:21,315            ,--,:  : |       ,---.       |    |   :  .'  .' `\   /   /   \  
2022-01-04 15:01:21,315         ,`--.'`|  ' :      /__./|       :    ;   |,---.'     \ |   :     : 
2022-01-04 15:01:21,315         |   :  :  | | ,---.;  ; |       :        ||   |  .`\  |.   |  ;. / 
2022-01-04 15:01:21,315         :   |   \ | :/___/ \  | |       |    :   ::   : |  '  |.   ; /--`  
2022-01-04 15:01:21,315         |   : '  '; |\   ;  \ ' |       :         |   ' '  ;  :;   | ;     
2022-01-04 15:01:21,315         '   ' ;.    ; \   \  \: |       |    ;   |'   | ;  .  ||   : |     
2022-01-04 15:01:21,315         |   | | \   |  ;   \  ' .   ___ l         |   | :  |  '.   | '___  
2022-01-04 15:01:21,315         '   : |  ; .'   \   \   ' /    /\    J   :'   : | /  ; '   ; : .'| 
2022-01-04 15:01:21,315         |   | '`--'      \   `  ;/  ../  `..-    ,|   | '` ,/  '   | '/  : 
2022-01-04 15:01:21,315         '   : |           :   \ |\    \         ; ;   :  .'    |   :    /  
2022-01-04 15:01:21,315         ;   |.'            '---'' \    \       ,' |   ,.'      \   \ .'   
2022-01-04 15:01:21,315         '---'                      '-- - ....--'  '-- '         `---`     
2022-01-04 15:01:21,315 
2022-01-04 15:01:21,315 
2022-01-04 15:01:21,315                                                                      Version:2.3
2022-01-04 15:01:21,315 
2022-01-04 15:01:21,315 
2022-01-04 15:01:21,315                                                                      By Nolan  
2022-01-04 15:01:21,315 
2022-01-04 15:01:21,315 -------------------------------------------------------------------------------------
2022-01-04 15:01:21,315 
2022-01-04 15:01:21,321 序列号:DAFFA873-5099-401D-90B7-92FBB8BF93D3

2022-01-04 15:01:21,321 Running on Linux!
2022-01-04 15:01:21,321 系统架构：X64
2022-01-04 15:01:21,321 系统名称：Linux 3.10.0-1160.11.1.el7.x86_64 #1 SMP Fri Dec 18 16:34:56 UTC 2020
2022-01-04 15:01:21,321 进程架构：X64
2022-01-04 15:01:21,321 是否64位操作系统：True
2022-01-04 15:01:21,321 -------------------------------------------------------------------------------------
2022-01-04 15:01:21,321 初始化项目
2022-01-04 15:01:21,321 -------------------------------------------------------------------------------------
2022-01-04 15:01:21,321 第一次运行会下载Chromium,后续只是检查是否下载
2022-01-04 15:01:21,321 检查中....
2022-01-04 15:01:21,334 True
2022-01-04 15:01:21,335 程序配置自检 
2022-01-04 15:01:21,335 如果报错请检查配置或者检查配置是否挂载
2022-01-04 15:01:21,338 上传模式：none
2022-01-04 15:01:21,338 回收时间：5分钟
2022-01-04 15:01:21,338 自动滑块：2
2022-01-04 15:01:21,338 
2022-01-04 15:01:21,339 
2022-01-04 15:01:21,339 浏览器自检
2022-01-04 15:01:21,339 -------------------------------------------------------------------------------------
2022-01-04 15:01:25,875 页面文字京东登录注册+86获取验证码登 录账号密码登录手机快速注册其他登录方式QQ 微信 若您输入的手机号未注册，将为您直接注册，注册即视为同意 京东用户注册协议 、 用户隐私政策
2022-01-04 15:01:25,875 关闭页面
2022-01-04 15:01:25,917 浏览器关闭
2022-01-04 15:01:25,917 浏览器自检成功
2022-01-04 15:01:25,918 浏览器打开时间：4.578
2022-01-04 15:01:25,918 -------------------------------------------------------------------------------------
2022-01-04 15:01:25,920 检查成功
2022-01-04 15:01:25,936 NETJDC started
2022-01-04 15:03:28,299     手机：15596262527 tabe 创建 时间:01/04/2022 15:03:28
2022-01-04 15:03:28,300 15596262527安全验证
2022-01-04 15:03:28,428 15596262527滑块安全验证
2022-01-04 15:03:28,477 
2022-01-04 15:03:28,536 15596262527获取到坐标 X87
2022-01-04 15:03:28,586 停顿13
2022-01-04 15:03:28,802 停顿1:895
2022-01-04 15:03:29,886 停顿2:634
2022-01-04 15:03:33,534 验证成功
2022-01-04 15:03:41,519 输入验证码132346
2022-01-04 15:03:44,732 15596262527获取到ck
2022-01-04 15:08:28,301     手机：15596262527 tabe 自动回收 时间:01/04/2022 15:08:28
2022-01-06 02:23:05,058     手机：15596262527 tabe 创建 时间:01/06/2022 02:23:05
2022-01-06 02:23:05,064 15596262527安全验证
2022-01-06 02:23:05,190 15596262527滑块安全验证
2022-01-06 02:23:05,215 
2022-01-06 02:23:05,253 15596262527获取到坐标 X123
2022-01-06 02:23:05,282 停顿13
2022-01-06 02:23:05,498 停顿1:770
2022-01-06 02:23:06,465 停顿2:558
2022-01-06 02:23:10,035 验证成功
2022-01-06 02:28:05,064     手机：15596262527 tabe 自动回收 时间:01/06/2022 02:28:05
2022-01-06 14:04:13,191     手机：17858526845 tabe 创建 时间:01/06/2022 14:04:13
2022-01-06 14:04:13,191 17858526845安全验证
2022-01-06 14:04:13,392 17858526845滑块安全验证
2022-01-06 14:04:13,406 
2022-01-06 14:04:13,409 17858526845获取到坐标 X89
2022-01-06 14:04:13,449 停顿11
2022-01-06 14:04:13,633 停顿1:913
2022-01-06 14:04:14,699 停顿2:625
2022-01-06 14:04:18,337 验证成功
2022-01-06 14:04:32,123 输入验证码953247
2022-01-06 14:04:35,174 17858526845获取到ck
2022-01-06 14:09:13,191     手机：17858526845 tabe 自动回收 时间:01/06/2022 14:09:13
2022-01-06 18:15:17,320                  ,--.                     ,---._                           
2022-01-06 18:15:17,327                ,--.'|                   .-- -.' \     ,---,      ,----..   
2022-01-06 18:15:17,327            ,--,:  : |       ,---.       |    |   :  .'  .' `\   /   /   \  
2022-01-06 18:15:17,327         ,`--.'`|  ' :      /__./|       :    ;   |,---.'     \ |   :     : 
2022-01-06 18:15:17,327         |   :  :  | | ,---.;  ; |       :        ||   |  .`\  |.   |  ;. / 
2022-01-06 18:15:17,327         :   |   \ | :/___/ \  | |       |    :   ::   : |  '  |.   ; /--`  
2022-01-06 18:15:17,327         |   : '  '; |\   ;  \ ' |       :         |   ' '  ;  :;   | ;     
2022-01-06 18:15:17,327         '   ' ;.    ; \   \  \: |       |    ;   |'   | ;  .  ||   : |     
2022-01-06 18:15:17,327         |   | | \   |  ;   \  ' .   ___ l         |   | :  |  '.   | '___  
2022-01-06 18:15:17,327         '   : |  ; .'   \   \   ' /    /\    J   :'   : | /  ; '   ; : .'| 
2022-01-06 18:15:17,327         |   | '`--'      \   `  ;/  ../  `..-    ,|   | '` ,/  '   | '/  : 
2022-01-06 18:15:17,327         '   : |           :   \ |\    \         ; ;   :  .'    |   :    /  
2022-01-06 18:15:17,327         ;   |.'            '---'' \    \       ,' |   ,.'      \   \ .'   
2022-01-06 18:15:17,327         '---'                      '-- - ....--'  '-- '         `---`     
2022-01-06 18:15:17,327 
2022-01-06 18:15:17,327 
2022-01-06 18:15:17,327                                                                      Version:2.3
2022-01-06 18:15:17,327 
2022-01-06 18:15:17,327 
2022-01-06 18:15:17,327                                                                      By Nolan  
2022-01-06 18:15:17,327 
2022-01-06 18:15:17,327 -------------------------------------------------------------------------------------
2022-01-06 18:15:17,327 
2022-01-06 18:15:17,360 序列号:DAFFA873-5099-401D-90B7-92FBB8BF93D3

2022-01-06 18:15:17,360 Running on Linux!
2022-01-06 18:15:17,360 系统架构：X64
2022-01-06 18:15:17,360 系统名称：Linux 3.10.0-1160.11.1.el7.x86_64 #1 SMP Fri Dec 18 16:34:56 UTC 2020
2022-01-06 18:15:17,360 进程架构：X64
2022-01-06 18:15:17,360 是否64位操作系统：True
2022-01-06 18:15:17,360 -------------------------------------------------------------------------------------
2022-01-06 18:15:17,360 初始化项目
2022-01-06 18:15:17,360 -------------------------------------------------------------------------------------
2022-01-06 18:15:17,360 第一次运行会下载Chromium,后续只是检查是否下载
2022-01-06 18:15:17,360 检查中....
2022-01-06 18:15:17,379 True
2022-01-06 18:15:17,381 程序配置自检 
2022-01-06 18:15:17,381 如果报错请检查配置或者检查配置是否挂载
2022-01-06 18:15:17,386 上传模式：none
2022-01-06 18:15:17,386 回收时间：5分钟
2022-01-06 18:15:17,386 自动滑块：2
2022-01-06 18:15:17,386 
2022-01-06 18:15:17,386 
2022-01-06 18:15:17,386 浏览器自检
2022-01-06 18:15:17,386 -------------------------------------------------------------------------------------
2022-01-06 18:15:22,946 页面文字京东登录注册+86获取验证码登 录账号密码登录手机快速注册其他登录方式QQ 微信 若您输入的手机号未注册，将为您直接注册，注册即视为同意 京东用户注册协议 、 用户隐私政策
2022-01-06 18:15:22,946 关闭页面
2022-01-06 18:15:23,012 浏览器关闭
2022-01-06 18:15:23,012 浏览器自检成功
2022-01-06 18:15:23,012 浏览器打开时间：5.625
2022-01-06 18:15:23,012 -------------------------------------------------------------------------------------
2022-01-06 18:15:23,012 检查成功
2022-01-06 18:15:23,034 NETJDC started
2022-01-06 18:15:40,123     手机：15596262527 tabe 创建 时间:01/06/2022 18:15:40
2022-01-06 18:15:40,123 15596262527安全验证
2022-01-06 18:15:40,262 15596262527滑块安全验证
2022-01-06 18:15:40,322 
2022-01-06 18:15:40,595 15596262527获取到坐标 X154
2022-01-06 18:15:40,650 停顿6
2022-01-06 18:15:40,752 停顿1:611
2022-01-06 18:15:41,448 停顿2:563
2022-01-06 18:15:45,026 验证成功
2022-01-06 18:20:40,126     手机：15596262527 tabe 自动回收 时间:01/06/2022 18:20:40
2022-01-07 13:38:30,353                  ,--.                     ,---._                           
2022-01-07 13:38:30,358                ,--.'|                   .-- -.' \     ,---,      ,----..   
2022-01-07 13:38:30,358            ,--,:  : |       ,---.       |    |   :  .'  .' `\   /   /   \  
2022-01-07 13:38:30,358         ,`--.'`|  ' :      /__./|       :    ;   |,---.'     \ |   :     : 
2022-01-07 13:38:30,358         |   :  :  | | ,---.;  ; |       :        ||   |  .`\  |.   |  ;. / 
2022-01-07 13:38:30,358         :   |   \ | :/___/ \  | |       |    :   ::   : |  '  |.   ; /--`  
2022-01-07 13:38:30,358         |   : '  '; |\   ;  \ ' |       :         |   ' '  ;  :;   | ;     
2022-01-07 13:38:30,358         '   ' ;.    ; \   \  \: |       |    ;   |'   | ;  .  ||   : |     
2022-01-07 13:38:30,358         |   | | \   |  ;   \  ' .   ___ l         |   | :  |  '.   | '___  
2022-01-07 13:38:30,358         '   : |  ; .'   \   \   ' /    /\    J   :'   : | /  ; '   ; : .'| 
2022-01-07 13:38:30,358         |   | '`--'      \   `  ;/  ../  `..-    ,|   | '` ,/  '   | '/  : 
2022-01-07 13:38:30,358         '   : |           :   \ |\    \         ; ;   :  .'    |   :    /  
2022-01-07 13:38:30,358         ;   |.'            '---'' \    \       ,' |   ,.'      \   \ .'   
2022-01-07 13:38:30,359         '---'                      '-- - ....--'  '-- '         `---`     
2022-01-07 13:38:30,359 
2022-01-07 13:38:30,359 
2022-01-07 13:38:30,359                                                                      Version:2.3
2022-01-07 13:38:30,359 
2022-01-07 13:38:30,359 
2022-01-07 13:38:30,359                                                                      By Nolan  
2022-01-07 13:38:30,359 
2022-01-07 13:38:30,359 -------------------------------------------------------------------------------------
2022-01-07 13:38:30,359 
2022-01-07 13:38:30,377 序列号:DAFFA873-5099-401D-90B7-92FBB8BF93D3

2022-01-07 13:38:30,377 Running on Linux!
2022-01-07 13:38:30,378 系统架构：X64
2022-01-07 13:38:30,378 系统名称：Linux 3.10.0-1160.11.1.el7.x86_64 #1 SMP Fri Dec 18 16:34:56 UTC 2020
2022-01-07 13:38:30,378 进程架构：X64
2022-01-07 13:38:30,378 是否64位操作系统：True
2022-01-07 13:38:30,378 -------------------------------------------------------------------------------------
2022-01-07 13:38:30,378 初始化项目
2022-01-07 13:38:30,378 -------------------------------------------------------------------------------------
2022-01-07 13:38:30,378 第一次运行会下载Chromium,后续只是检查是否下载
2022-01-07 13:38:30,378 检查中....
2022-01-07 13:38:30,397 True
2022-01-07 13:38:30,398 程序配置自检 
2022-01-07 13:38:30,398 如果报错请检查配置或者检查配置是否挂载
2022-01-07 13:38:30,402 上传模式：none
2022-01-07 13:38:30,402 回收时间：5分钟
2022-01-07 13:38:30,402 自动滑块：2
2022-01-07 13:38:30,402 
2022-01-07 13:38:30,402 
2022-01-07 13:38:30,402 浏览器自检
2022-01-07 13:38:30,402 -------------------------------------------------------------------------------------
2022-01-07 13:38:35,441 页面文字京东登录注册+86获取验证码登 录账号密码登录手机快速注册其他登录方式QQ 微信 若您输入的手机号未注册，将为您直接注册，注册即视为同意 京东用户注册协议 、 用户隐私政策
2022-01-07 13:38:35,441 关闭页面
2022-01-07 13:38:35,524 浏览器关闭
2022-01-07 13:38:35,524 浏览器自检成功
2022-01-07 13:38:35,524 浏览器打开时间：5.121
2022-01-07 13:38:35,524 -------------------------------------------------------------------------------------
2022-01-07 13:38:35,526 检查成功
2022-01-07 13:38:35,546 NETJDC started
